<?xml version="1.0" encoding="utf-8"?><testsuites name="pytest tests"><testsuite name="pytest" errors="0" failures="0" skipped="0" tests="25" time="3.388" timestamp="2026-06-30T18:00:42.128369+00:00" hostname="agent-env-3f0231de-31fd-4b31-93a3-84a0aad13f6b"><testcase classname="tests.backend_test.TestAuth" name="test_health" time="0.136" /><testcase classname="tests.backend_test.TestAuth" name="test_demo_login" time="0.470" /><testcase classname="tests.backend_test.TestInvoices" name="test_list_invoices" time="0.612" /><testcase classname="tests.backend_test.TestAuth" name="test_invalid_login" time="0.377" /><testcase classname="tests.backend_test.TestInvoices" name="test_search_invoices" time="0.316" /><testcase classname="tests.backend_test.TestInvoices" name="test_filter_by_severity_critical" time="0.054" /><testcase classname="tests.backend_test.TestAuth" name="test_google_demo_login" time="0.108" /><testcase classname="tests.backend_test.TestInvoices" name="test_get_invoice_by_id" time="0.103" /><testcase classname="tests.backend_test.TestInvoices" name="test_patch_invoice_persists" time="0.340" /><testcase classname="tests.backend_test.TestAuth" name="test_me" time="0.385" /><testcase classname="tests.backend_test.TestInvoices" name="test_approve_and_reject" time="0.187" /><testcase classname="tests.backend_test.TestAuth" name="test_refresh" time="0.049" /><testcase classname="tests.backend_test.TestCampaigns" name="test_list_campaigns" time="0.234" /><testcase classname="tests.backend_test.TestCampaigns" name="test_create_and_delete_campaign" time="0.245" /><testcase classname="tests.backend_test.TestAuth" name="test_register_new_user_seeds_data" time="0.547" /><testcase classname="tests.backend_test.TestAuth" name="test_logout" time="0.381" /><testcase classname="tests.backend_test.TestSettings" name="test_get_settings" time="0.052" /><testcase classname="tests.backend_test.TestSettings" name="test_patch_settings" time="0.343" /><testcase classname="tests.backend_test.TestAuth" name="test_unauthenticated_blocked" time="0.119" /><testcase classname="tests.backend_test.TestDashboard" name="test_summary_non_zero" time="0.049" /><testcase classname="tests.backend_test.TestReconciliation" name="test_rerun" time="0.101" /><testcase classname="tests.backend_test.TestExport" name="test_export_csv_approved" time="0.073" /><testcase classname="tests.backend_test.TestExport" name="test_export_csv_all" time="0.049" /><testcase classname="tests.backend_test.TestInsights" name="test_insights_list" time="0.092" /><testcase classname="tests.backend_test.TestSearch" name="test_search" time="0.100" /></testsuite></testsuites>